<?xml version="1.0" encoding="UTF-8"?>
<!-- Generated by org.testng.reporters.JUnitReportReporter -->
<testsuite hostname="Aparnas-MBP" failures="0" tests="1" name="Framework.ExtendReport_TestngListeners.ExtendReportDemo" time="3.155" errors="0" timestamp="19 Jan 2021 23:00:29 GMT" skipped="0">
  <testcase classname="Framework.ExtendReport_TestngListeners.ExtendReportDemo" name="idnitialDemo" time="3.155"/>
</testsuite> <!-- Framework.ExtendReport_TestngListeners.ExtendReportDemo -->
